2024-05-28 13:46:56.976 DEBUG Starting test: AtataSampleProject.SampleTests.TestA
2024-05-28 13:46:56.980 TRACE > Initialize AtataContext
2024-05-28 13:46:56.980 TRACE - Use: "Atata.json" config
2024-05-28 13:46:56.980 TRACE - Use: "Atata.local.json" config
2024-05-28 13:46:56.980 TRACE - Set: BaseUrl=https://demo.atata.io/
2024-05-28 13:46:56.981 TRACE - Set: ElementFindTimeout=5s; ElementFindRetryInterval=0.5s
2024-05-28 13:46:56.981 TRACE - Set: WaitingTimeout=5s; WaitingRetryInterval=0.5s
2024-05-28 13:46:56.981 TRACE - Set: VerificationTimeout=5s; VerificationRetryInterval=0.5s
2024-05-28 13:46:56.981 TRACE - Set: Culture=en-US
2024-05-28 13:46:56.982 TRACE - Set: Artifacts=C:\Users\mallisetti.kumar\source\repos\AtataSampleProject\AtataSampleProject\bin\Debug\net8.0\artifacts\20240528T134654\SampleTests\TestA
2024-05-28 13:46:56.982 TRACE - > Initialize Driver
2024-05-28 13:46:56.983 TRACE - - Created ChromeDriverService { Port=56958, ExecutablePath=C:\Users\mallisetti.kumar\source\repos\AtataSampleProject\AtataSampleProject\bin\Debug\net8.0\drivers\chrome\125.0.6422.78\chromedriver.exe }
2024-05-28 13:46:58.238 TRACE - - Created ChromeDriver { Alias=chrome, SessionId=3795f2ee94b0217b2fdda58f1a6755e6 }
2024-05-28 13:46:58.239 TRACE - < Initialize Driver (1.257s)
2024-05-28 13:46:58.240 TRACE < Initialize AtataContext (1.259s)
2024-05-28 13:46:58.241  INFO > Go to "Products" page
2024-05-28 13:46:58.251  INFO < Go to "Products" page (0.010s)
2024-05-28 13:46:58.253 TRACE > Execute trigger VerifyTitleAttribute { Values=["Products - Atata Sample App"], Case=Title, Match=Equals, Timeout=5, RetryInterval=0.5 } on Init against "Products" page
2024-05-28 13:46:58.259  INFO - > Assert: title should equal "Products - Atata Sample App"
2024-05-28 13:47:03.284 ERROR - - Wrong title
Expected: "Products - Atata Sample App"
 ---> OpenQA.Selenium.NoSuchWindowException: no such window: target window already closed
from unknown error: web view not found
  (Session info: chrome=125.0.6422.78)
   at OpenQA.Selenium.WebDriver.UnpackAndThrowOnError(Response errorResponse, String commandToExecute)
   at OpenQA.Selenium.WebDriver.Execute(String driverCommandToExecute, Dictionary`2 parameters)
   at OpenQA.Selenium.WebDriver.get_Title()
   at Atata.PageObject`1.GetTitle()
   at Atata.DynamicObjectSource`1.get_Object()
   at Atata.ObjectProvider`2.get_Object()
   at Atata.ObjectProvider`2.Atata.IObjectProvider<TObject>.get_Object()
   at Atata.IObjectVerificationProviderExtensions.<>c__DisplayClass5_1`2.<Satisfy>b__1()
   at Atata.AssertionVerificationStrategy.ReportFailure(String message, Exception exception)
   at Atata.IObjectVerificationProviderExtensions.<>c__DisplayClass5_0`2.<Satisfy>g__ExecuteVerification|0()
   at Atata.LogManager.ExecuteSection(LogSection section, Action action)
   at Atata.VerificationUtils.Verify[TData,TOwner](IObjectVerificationProvider`2 verifier, Action verificationAction, String expectedMessage, TData[] arguments)
   at Atata.IObjectVerificationProviderExtensions.Satisfy[TObject,TOwner](IObjectVerificationProvider`2 verifier, Func`2 predicate, String message, TObject[] args)
   at Atata.IObjectVerificationProviderExtensions.MatchAny[TOwner](IObjectVerificationProvider`2 verifier, TermMatch match, String[] expected)
   at Atata.VerifyTitleAttribute.OnExecute[TOwner](TriggerContext`1 context, String[] values)
   at Atata.TermVerificationTriggerAttribute.Execute[TOwner](TriggerContext`1 context)
   at Atata.UIComponent`1.<>c__DisplayClass74_3.<ExecuteTriggers>b__3()
   at Atata.LogManager.ExecuteSection(LogSection section, Action action)
   at Atata.UIComponent`1.ExecuteTriggers(TriggerEvents on)
   at Atata.PageObject`1.CompleteInit()
   at Atata.AtataNavigator.GoToInitialPageObject[T](T pageObject, GoOptions options)
   at Atata.AtataNavigator.To[T](T pageObject, GoOptions options)
   at Atata.AtataNavigator.To[T](T pageObject, String url, Boolean navigate, Boolean temporarily)
   at Atata.Go.To[T](T pageObject, String url, Boolean navigate, Boolean temporarily)
   at AtataSampleProject.SampleTests.TestA() in C:\Users\mallisetti.kumar\source\repos\AtataSampleProject\AtataSampleProject\SampleTests.cs:line 17
2024-05-28 13:47:03.289  INFO - < Assert: title should equal "Products - Atata Sample App" (5.030s) >> NUnit.Framework.AssertionException: Wrong title...
2024-05-28 13:47:03.290 TRACE < Execute trigger VerifyTitleAttribute { Values=["Products - Atata Sample App"], Case=Title, Match=Equals, Timeout=5, RetryInterval=0.5 } on Init against "Products" page (5.036s) >> NUnit.Framework.AssertionException: Wrong title...
2024-05-28 13:47:03.305 TRACE > Deinitialize AtataContext
2024-05-28 13:47:03.323 TRACE - > Take screenshot #01 Failed
2024-05-28 13:47:03.325 TRACE - < Take screenshot #01 Failed (0.001s) >> OpenQA.Selenium.NoSuchWindowException: no such window: target window already closed
from unknown error: web view not found
  (Session info: chrome=125.0.6422.78)
2024-05-28 13:47:03.325 ERROR - Screenshot failed. OpenQA.Selenium.NoSuchWindowException: no such window: target window already closed
from unknown error: web view not found
  (Session info: chrome=125.0.6422.78)
   at OpenQA.Selenium.WebDriver.UnpackAndThrowOnError(Response errorResponse, String commandToExecute)
   at OpenQA.Selenium.WebDriver.Execute(String driverCommandToExecute, Dictionary`2 parameters)
   at OpenQA.Selenium.WebDriver.GetScreenshot()
   at Atata.WebDriverViewportScreenshotStrategy.TakeScreenshot(AtataContext context)
   at Atata.ScreenshotTaker.<>c__DisplayClass7_0.<TakeScreenshot>b__0()
   at Atata.LogManager.ExecuteSection[TResult](LogSection section, Func`1 function)
   at Atata.ScreenshotTaker.TakeScreenshot(IScreenshotStrategy strategy, String title)
2024-05-28 13:47:03.327 TRACE - > Take page snapshot #01 Failed
2024-05-28 13:47:05.363  WARN - - Failed to take CDP snapshot. PageSource snapshot will be taken. OpenQA.Selenium.WebDriverException: Unexpected error creating WebSocket DevTools session.
 ---> System.Net.Http.HttpRequestException: No connection could be made because the target machine actively refused it. (127.0.0.1:56963)
 ---> System.Net.Sockets.SocketException (10061): No connection could be made because the target machine actively refused it.
   at System.Net.Sockets.Socket.AwaitableSocketAsyncEventArgs.ThrowException(SocketError error, CancellationToken cancellationToken)
   at System.Net.Sockets.Socket.AwaitableSocketAsyncEventArgs.System.Threading.Tasks.Sources.IValueTaskSource.GetResult(Int16 token)
   at System.Net.Sockets.Socket.<ConnectAsync>g__WaitForConnectWithCancellation|285_0(AwaitableSocketAsyncEventArgs saea, ValueTask connectTask, CancellationToken cancellationToken)
   at System.Net.Http.HttpConnectionPool.ConnectToTcpHostAsync(String host, Int32 port, HttpRequestMessage initialRequest, Boolean async, CancellationToken cancellationToken)
   --- End of inner exception stack trace ---
   at System.Net.Http.HttpConnectionPool.ConnectToTcpHostAsync(String host, Int32 port, HttpRequestMessage initialRequest, Boolean async, CancellationToken cancellationToken)
   at System.Net.Http.HttpConnectionPool.ConnectAsync(HttpRequestMessage request, Boolean async, CancellationToken cancellationToken)
   at System.Net.Http.HttpConnectionPool.CreateHttp11ConnectionAsync(HttpRequestMessage request, Boolean async, CancellationToken cancellationToken)
   at System.Net.Http.HttpConnectionPool.AddHttp11ConnectionAsync(QueueItem queueItem)
   at System.Threading.Tasks.TaskCompletionSourceWithCancellation`1.WaitWithCancellationAsync(CancellationToken cancellationToken)
   at System.Net.Http.HttpConnectionPool.SendWithVersionDetectionAndRetryAsync(HttpRequestMessage request, Boolean async, Boolean doRequestAuth, CancellationToken cancellationToken)
   at System.Net.Http.RedirectHandler.SendAsync(HttpRequestMessage request, Boolean async, CancellationToken cancellationToken)
   at System.Net.Http.HttpClient.GetStringAsyncCore(HttpRequestMessage request, CancellationToken cancellationToken)
   at OpenQA.Selenium.DevTools.DevToolsSession.InitializeProtocol(Int32 requestedProtocolVersion)
   at OpenQA.Selenium.DevTools.DevToolsSession.StartSession()
   at OpenQA.Selenium.Chromium.ChromiumDriver.<>c__DisplayClass34_0.<<GetDevToolsSession>b__0>d.MoveNext()
--- End of stack trace from previous location ---
   at OpenQA.Selenium.Chromium.ChromiumDriver.GetDevToolsSession(DevToolsOptions options)
   --- End of inner exception stack trace ---
   at OpenQA.Selenium.Chromium.ChromiumDriver.GetDevToolsSession(DevToolsOptions options)
   at OpenQA.Selenium.Chromium.ChromiumDriver.GetDevToolsSession()
   at Atata.CdpPageSnapshotStrategy.TakeSnapshot(AtataContext context)
   at Atata.CdpOrPageSourcePageSnapshotStrategy.TakeSnapshot(AtataContext context)
2024-05-28 13:47:05.368 TRACE - < Take page snapshot #01 Failed (2.040s) >> OpenQA.Selenium.NoSuchWindowException: no such window: target window already closed
from unknown error: web view not found
  (Session info: chrome=125.0.6422.78)
2024-05-28 13:47:05.368 ERROR - Page snapshot failed. OpenQA.Selenium.NoSuchWindowException: no such window: target window already closed
from unknown error: web view not found
  (Session info: chrome=125.0.6422.78)
   at OpenQA.Selenium.WebDriver.UnpackAndThrowOnError(Response errorResponse, String commandToExecute)
   at OpenQA.Selenium.WebDriver.Execute(String driverCommandToExecute, Dictionary`2 parameters)
   at OpenQA.Selenium.WebDriver.get_PageSource()
   at Atata.PageSourcePageSnapshotStrategy.TakeSnapshot(AtataContext context)
   at Atata.CdpOrPageSourcePageSnapshotStrategy.TakeSnapshot(AtataContext context)
   at Atata.PageSnapshotTaker.<>c__DisplayClass5_0.<TakeSnapshot>b__0()
   at Atata.LogManager.ExecuteSection[TResult](LogSection section, Func`1 function)
   at Atata.PageSnapshotTaker.TakeSnapshot(String title)
2024-05-28 13:47:05.481 TRACE < Deinitialize AtataContext (2.176s)
2024-05-28 13:47:05.484 DEBUG Finished test
      Total time: 8.507s
  Initialization: 1.265s | 14.9 %
       Test body: 5.065s | 59.5 %
Deinitialization: 2.176s | 25.6 %
